# JRE version: Java(TM) SE Runtime Environment (7.0_71-b14) (build 1.7.0_71-b14)
# Java VM: Java HotSpot(TM) 64-Bit Server VM (24.71-b01 mixed mode windows-amd64 compressed oops)
Heap
 PSYoungGen      total 37888K, used 9795K [0x00000007d5900000, 0x00000007d9f80000, 0x0000000800000000)
  eden space 32768K, 14% used [0x00000007d5900000,0x00000007d5dae8d8,0x00000007d7900000)
  from space 5120K, 97% used [0x00000007d7980000,0x00000007d7e623c8,0x00000007d7e80000)
  to   space 7680K, 0% used [0x00000007d9800000,0x00000007d9800000,0x00000007d9f80000)
 ParOldGen       total 86528K, used 1663K [0x0000000780c00000, 0x0000000786080000, 0x00000007d5900000)
  object space 86528K, 1% used [0x0000000780c00000,0x0000000780d9fe28,0x0000000786080000)
 PSPermGen       total 21504K, used 16211K [0x000000077ba00000, 0x000000077cf00000, 0x0000000780c00000)
  object space 21504K, 75% used [0x000000077ba00000,0x000000077c9d4eb8,0x000000077cf00000)
GC Heap History (10 events):
Event: 1.310 GC heap before
{Heap before GC invocations=1 (full 0):
 PSYoungGen      total 38400K, used 33280K [0x00000007d5900000, 0x00000007d8380000, 0x0000000800000000)
  eden space 33280K, 100% used [0x00000007d5900000,0x00000007d7980000,0x00000007d7980000)
  from space 5120K, 0% used [0x00000007d7e80000,0x00000007d7e80000,0x00000007d8380000)
  to   space 5120K, 0% used [0x00000007d7980000,0x00000007d7980000,0x00000007d7e80000)
 ParOldGen       total 86528K, used 0K [0x0000000780c00000, 0x0000000786080000, 0x00000007d5900000)
  object space 86528K, 0% used [0x0000000780c00000,0x0000000780c00000,0x0000000786080000)
 PSPermGen       total 21504K, used 8623K [0x000000077ba00000, 0x000000077cf00000, 0x0000000780c00000)
  object space 21504K, 40% used [0x000000077ba00000,0x000000077c26bdb8,0x000000077cf00000)
Event: 1.315 GC heap after
Heap after GC invocations=1 (full 0):
 PSYoungGen      total 38400K, used 3203K [0x00000007d5900000, 0x00000007d8380000, 0x0000000800000000)
  eden space 33280K, 0% used [0x00000007d5900000,0x00000007d5900000,0x00000007d7980000)
  from space 5120K, 62% used [0x00000007d7980000,0x00000007d7ca0c10,0x00000007d7e80000)
  to   space 5120K, 0% used [0x00000007d7e80000,0x00000007d7e80000,0x00000007d8380000)
 ParOldGen       total 86528K, used 8K [0x0000000780c00000, 0x0000000786080000, 0x00000007d5900000)
  object space 86528K, 0% used [0x0000000780c00000,0x0000000780c02000,0x0000000786080000)
 PSPermGen       total 21504K, used 8623K [0x000000077ba00000, 0x000000077cf00000, 0x0000000780c00000)
  object space 21504K, 40% used [0x000000077ba00000,0x000000077c26bdb8,0x000000077cf00000)
}
Event: 1.424 GC heap before
{Heap before GC invocations=2 (full 0):
 PSYoungGen      total 38400K, used 36483K [0x00000007d5900000, 0x00000007d8380000, 0x0000000800000000)
  eden space 33280K, 100% used [0x00000007d5900000,0x00000007d7980000,0x00000007d7980000)
  from space 5120K, 62% used [0x00000007d7980000,0x00000007d7ca0c10,0x00000007d7e80000)
  to   space 5120K, 0% used [0x00000007d7e80000,0x00000007d7e80000,0x00000007d8380000)
 ParOldGen       total 86528K, used 8K [0x0000000780c00000, 0x0000000786080000, 0x00000007d5900000)
  object space 86528K, 0% used [0x0000000780c00000,0x0000000780c02000,0x0000000786080000)
 PSPermGen       total 21504K, used 8774K [0x000000077ba00000, 0x000000077cf00000, 0x0000000780c00000)
  object space 21504K, 40% used [0x000000077ba00000,0x000000077c2919c0,0x000000077cf00000)
Event: 1.426 GC heap after
Heap after GC invocations=2 (full 0):
 PSYoungGen      total 38400K, used 2312K [0x00000007d5900000, 0x00000007da400000, 0x0000000800000000)
  eden space 33280K, 0% used [0x00000007d5900000,0x00000007d5900000,0x00000007d7980000)
  from space 5120K, 45% used [0x00000007d7e80000,0x00000007d80c2050,0x00000007d8380000)
  to   space 5120K, 0% used [0x00000007d7980000,0x00000007d7980000,0x00000007d7e80000)
 ParOldGen       total 86528K, used 80K [0x0000000780c00000, 0x0000000786080000, 0x00000007d5900000)
  object space 86528K, 0% used [0x0000000780c00000,0x0000000780c14010,0x0000000786080000)
 PSPermGen       total 21504K, used 8774K [0x000000077ba00000, 0x000000077cf00000, 0x0000000780c00000)
  object space 21504K, 40% used [0x000000077ba00000,0x000000077c2919c0,0x000000077cf00000)
}
Event: 1.760 GC heap before
{Heap before GC invocations=3 (full 0):
 PSYoungGen      total 38400K, used 35508K [0x00000007d5900000, 0x00000007da400000, 0x0000000800000000)
  eden space 33280K, 99% used [0x00000007d5900000,0x00000007d796b168,0x00000007d7980000)
  from space 5120K, 45% used [0x00000007d7e80000,0x00000007d80c2050,0x00000007d8380000)
  to   space 5120K, 0% used [0x00000007d7980000,0x00000007d7980000,0x00000007d7e80000)
 ParOldGen       total 86528K, used 80K [0x0000000780c00000, 0x0000000786080000, 0x00000007d5900000)
  object space 86528K, 0% used [0x0000000780c00000,0x0000000780c14010,0x0000000786080000)
 PSPermGen       total 21504K, used 13038K [0x000000077ba00000, 0x000000077cf00000, 0x0000000780c00000)
  object space 21504K, 60% used [0x000000077ba00000,0x000000077c6bb990,0x000000077cf00000)
Event: 1.765 GC heap after
Heap after GC invocations=3 (full 0):
 PSYoungGen      total 38400K, used 5091K [0x00000007d5900000, 0x00000007da400000, 0x0000000800000000)
  eden space 33280K, 0% used [0x00000007d5900000,0x00000007d5900000,0x00000007d7980000)
  from space 5120K, 99% used [0x00000007d7980000,0x00000007d7e78fe0,0x00000007d7e80000)
  to   space 5120K, 0% used [0x00000007d9f00000,0x00000007d9f00000,0x00000007da400000)
 ParOldGen       total 86528K, used 417K [0x0000000780c00000, 0x0000000786080000, 0x00000007d5900000)
  object space 86528K, 0% used [0x0000000780c00000,0x0000000780c68420,0x0000000786080000)
 PSPermGen       total 21504K, used 13038K [0x000000077ba00000, 0x000000077cf00000, 0x0000000780c00000)
  object space 21504K, 60% used [0x000000077ba00000,0x000000077c6bb990,0x000000077cf00000)
}
Event: 123.496 GC heap before
{Heap before GC invocations=4 (full 0):
 PSYoungGen      total 38400K, used 36917K [0x00000007d5900000, 0x00000007da400000, 0x0000000800000000)
  eden space 33280K, 95% used [0x00000007d5900000,0x00000007d78147e0,0x00000007d7980000)
  from space 5120K, 99% used [0x00000007d7980000,0x00000007d7e78fe0,0x00000007d7e80000)
  to   space 5120K, 0% used [0x00000007d9f00000,0x00000007d9f00000,0x00000007da400000)
 ParOldGen       total 86528K, used 417K [0x0000000780c00000, 0x0000000786080000, 0x00000007d5900000)
  object space 86528K, 0% used [0x0000000780c00000,0x0000000780c68420,0x0000000786080000)
 PSPermGen       total 21504K, used 15802K [0x000000077ba00000, 0x000000077cf00000, 0x0000000780c00000)
  object space 21504K, 73% used [0x000000077ba00000,0x000000077c96eb18,0x000000077cf00000)
Event: 123.503 GC heap after
Heap after GC invocations=4 (full 0):
 PSYoungGen      total 38400K, used 5102K [0x00000007d5900000, 0x00000007da400000, 0x0000000800000000)
  eden space 33280K, 0% used [0x00000007d5900000,0x00000007d5900000,0x00000007d7980000)
  from space 5120K, 99% used [0x00000007d9f00000,0x00000007da3fb970,0x00000007da400000)
  to   space 5120K, 0% used [0x00000007d7980000,0x00000007d7980000,0x00000007d7e80000)
 ParOldGen       total 86528K, used 1655K [0x0000000780c00000, 0x0000000786080000, 0x00000007d5900000)
  object space 86528K, 1% used [0x0000000780c00000,0x0000000780d9de28,0x0000000786080000)
 PSPermGen       total 21504K, used 15802K [0x000000077ba00000, 0x000000077cf00000, 0x0000000780c00000)
  object space 21504K, 73% used [0x000000077ba00000,0x000000077c96eb18,0x000000077cf00000)
}
Event: 4938.140 GC heap before
{Heap before GC invocations=5 (full 0):
 PSYoungGen      total 38400K, used 38382K [0x00000007d5900000, 0x00000007da400000, 0x0000000800000000)
  eden space 33280K, 100% used [0x00000007d5900000,0x00000007d7980000,0x00000007d7980000)
  from space 5120K, 99% used [0x00000007d9f00000,0x00000007da3fb970,0x00000007da400000)
  to   space 5120K, 0% used [0x00000007d7980000,0x00000007d7980000,0x00000007d7e80000)
 ParOldGen       total 86528K, used 1655K [0x0000000780c00000, 0x0000000786080000, 0x00000007d5900000)
  object space 86528K, 1% used [0x0000000780c00000,0x0000000780d9de28,0x0000000786080000)
 PSPermGen       total 21504K, used 16129K [0x000000077ba00000, 0x000000077cf00000, 0x0000000780c00000)
  object space 21504K, 75% used [0x000000077ba00000,0x000000077c9c0448,0x000000077cf00000)
Event: 4938.156 GC heap after
Heap after GC invocations=5 (full 0):
 PSYoungGen      total 37888K, used 5000K [0x00000007d5900000, 0x00000007d9f80000, 0x0000000800000000)
  eden space 32768K, 0% used [0x00000007d5900000,0x00000007d5900000,0x00000007d7900000)
  from space 5120K, 97% used [0x00000007d7980000,0x00000007d7e623c8,0x00000007d7e80000)
  to   space 7680K, 0% used [0x00000007d9800000,0x00000007d9800000,0x00000007d9f80000)
 ParOldGen       total 86528K, used 1663K [0x0000000780c00000, 0x0000000786080000, 0x00000007d5900000)
  object space 86528K, 1% used [0x0000000780c00000,0x0000000780d9fe28,0x0000000786080000)
 PSPermGen       total 21504K, used 16129K [0x000000077ba00000, 0x000000077cf00000, 0x0000000780c00000)
  object space 21504K, 75% used [0x000000077ba00000,0x000000077c9c0448,0x000000077cf00000)
}

